

Microchip MPLAB XC8 Assembler V2.32 build 20210201212658 
                                                                                               Mon Dec 13 04:03:48 2021

Microchip MPLAB XC8 C Compiler v2.32 (Free license) build 20210201212658 Og1 
     1                           	processor	18F87K22
     2                           	fnconf	rparam,??,?,0
     3                           	pagewidth 120
     4                           	opt	flic
     5                           	psect	idataCOMRAM,global,class=CODE,delta=1,noexec
     6                           	psect	smallconst,global,reloc=2,class=SMALLCONST,delta=1,noexec
     7                           	psect	cinit,global,reloc=2,class=CODE,delta=1
     8                           	psect	bssCOMRAM,global,class=COMRAM,space=1,delta=1,lowdata,noexec
     9                           	psect	dataCOMRAM,global,class=COMRAM,space=1,delta=1,lowdata,noexec
    10                           	psect	cstackCOMRAM,global,class=COMRAM,space=1,delta=1,lowdata,noexec
    11                           	psect	text0,global,reloc=2,class=CODE,delta=1
    12                           	psect	text1,global,reloc=2,class=CODE,delta=1
    13                           	psect	intcodelo,global,reloc=2,class=CODE,delta=1
    14                           	psect	text3,global,reloc=2,class=CODE,delta=1
    15                           	psect	text4,global,reloc=2,class=CODE,delta=1
    16                           	psect	intcode,global,reloc=2,class=CODE,delta=1
    17                           	psect	intcode_body,global,reloc=2,class=CODE,delta=1
    18                           	psect	intsave_regs,global,class=BIGRAM,space=1,delta=1,noexec
    19                           	psect	rparam,global,class=COMRAM,space=1,delta=1,noexec
    20                           	psect	temp,global,ovrld,common,class=COMRAM,space=1,delta=1
    21                           	psect	idloc,global,abs,ovrld,class=IDLOC,space=5,delta=1,noexec
    22                           	psect	config,global,abs,ovrld,class=CONFIG,space=4,delta=1,noexec
    23  0000                     
    24                           ; Version 2.20
    25                           ; Generated 05/05/2020 GMT
    26                           ; 
    27                           ; Copyright © 2020, Microchip Technology Inc. and its subsidiaries ("Microchip")
    28                           ; All rights reserved.
    29                           ; 
    30                           ; This software is developed by Microchip Technology Inc. and its subsidiaries ("Microch
      +                          ip").
    31                           ; 
    32                           ; Redistribution and use in source and binary forms, with or without modification, are
    33                           ; permitted provided that the following conditions are met:
    34                           ; 
    35                           ;     1. Redistributions of source code must retain the above copyright notice, this lis
      +                          t of
    36                           ;        conditions and the following disclaimer.
    37                           ; 
    38                           ;     2. Redistributions in binary form must reproduce the above copyright notice, this 
      +                          list
    39                           ;        of conditions and the following disclaimer in the documentation and/or other
    40                           ;        materials provided with the distribution.
    41                           ; 
    42                           ;     3. Microchip's name may not be used to endorse or promote products derived from th
      +                          is
    43                           ;        software without specific prior written permission.
    44                           ; 
    45                           ; THIS SOFTWARE IS PROVIDED BY MICROCHIP "AS IS" AND ANY EXPRESS OR IMPLIED WARRANTIES,
    46                           ; INCLUDING, BUT NOT LIMITED TO, THE IMPLIED WARRANTIES OF MERCHANTABILITY AND FITNESS F
      +                          OR
    47                           ; PURPOSE ARE DISCLAIMED.  IN NO EVENT SHALL MICROCHIP BE LIABLE FOR ANY DIRECT, INDIREC
      +                          T,
    48                           ; INCIDENTAL, SPECIAL, EXEMPLARY, OR CONSEQUENTIAL DAMAGES (INCLUDING BUT NOT LIMITED TO
    49                           ; PROCUREMENT OF SUBSTITUTE GOODS OR SERVICES; LOSS OF USE, DATA OR PROFITS; OR BUSINESS
    50                           ; INTERRUPTION) HOWSOEVER CAUSED AND ON ANY THEORY OF LIABILITY, WHETHER IN CONTRACT, ST
      +                          RICT
    51                           ; LIABILITY, OR TORT (INCLUDING NEGLIGENCE OR OTHERWISE) ARISING IN ANY WAY OUT OF THE U
      +                          SE OF
    52                           ; THIS SOFTWARE, EVEN IF ADVISED OF THE POSSIBILITY OF SUCH DAMAGE.
    53                           ; 
    54                           ; 
    55                           ; Code-generator required, PIC18F87K22 Definitions
    56                           ; 
    57                           ; SFR Addresses
    58  0000                     
    59                           	psect	idataCOMRAM
    60  001104                     __pidataCOMRAM:
    61                           	callstack 0
    62                           
    63                           ;initializer for _keyCodes
    64  001104  A8                 	db	168
    65  001105  AB                 	db	171
    66  001106  AC                 	db	172
    67  001107  AE                 	db	174
    68  001108  00                 	db	0
    69                           
    70                           ;initializer for _volumeControls
    71  001109  A9                 	db	169
    72  00110A  AA                 	db	170
    73  00110B  00                 	db	0
    74                           
    75                           ;initializer for _top
    76  00110C  FF                 	db	255
    77                           
    78                           ;initializer for _maxSize
    79  00110D  04                 	db	4
    80                           
    81                           	psect	smallconst
    82  001000                     __psmallconst:
    83                           	callstack 0
    84  001000  00                 	db	0
    85  001001  9C40               	dw	40000
    86  001003                     __end_of_inputDelay:
    87                           	callstack 0
    88  0000                     _CCPTMRS0bits	set	3885
    89  0000                     _TMR1	set	4046
    90  0000                     _CCPR1	set	4028
    91  0000                     _T1CONbits	set	4045
    92  0000                     _PORTD	set	3971
    93  0000                     _RCSTA1bits	set	4011
    94  0000                     _PIR3bits	set	4004
    95  0000                     _PIE3bits	set	4003
    96  0000                     _IPR3bits	set	4005
    97  0000                     _PIR1bits	set	3998
    98  0000                     _PIE1bits	set	3997
    99  0000                     _IPR1bits	set	3999
   100  0000                     _INTCONbits	set	4082
   101  0000                     _RCONbits	set	4048
   102  0000                     _SPBRG1	set	4015
   103  0000                     _BAUDCON1	set	3941
   104  0000                     _RCSTA1	set	4011
   105  0000                     _TXSTA1	set	4012
   106  0000                     _CCP1CON	set	4027
   107  0000                     _T1CON	set	4045
   108  0000                     _LATEbits	set	3981
   109  0000                     _TRISE	set	3990
   110  0000                     _LATC	set	3979
   111  0000                     _TRISC	set	3988
   112  0000                     _LATD	set	3980
   113  0000                     _TRISD	set	3989
   114  0000                     _LATA	set	3977
   115  0000                     _TRISA	set	3986
   116  0000                     _TXREG1	set	4013
   117  001003  00                 	db	0	; dummy byte at the end
   118  0000                     
   119                           ; #config settings
   120                           
   121                           	psect	cinit
   122  001068                     __pcinit:
   123                           	callstack 0
   124  001068                     start_initialization:
   125                           	callstack 0
   126  001068                     __initialization:
   127                           	callstack 0
   128                           
   129                           ; Initialize objects allocated to COMRAM (10 bytes)
   130                           ; load TBLPTR registers with __pidataCOMRAM
   131  001068  0E04               	movlw	low __pidataCOMRAM
   132  00106A  6EF6               	movwf	tblptrl,c
   133  00106C  0E11               	movlw	high __pidataCOMRAM
   134  00106E  6EF7               	movwf	tblptrh,c
   135  001070  0E00               	movlw	low (__pidataCOMRAM shr (0+16))
   136  001072  6EF8               	movwf	tblptru,c
   137  001074  EE00  F025         	lfsr	0,__pdataCOMRAM
   138  001078  EE10 F00A          	lfsr	1,10
   139  00107C                     copy_data0:
   140  00107C  0009               	tblrd		*+
   141  00107E  CFF5 FFEE          	movff	tablat,postinc0
   142  001082  50E5               	movf	postdec1,w,c
   143  001084  50E1               	movf	fsr1l,w,c
   144  001086  E1FA               	bnz	copy_data0
   145                           
   146                           ; Clear objects allocated to COMRAM (36 bytes)
   147  001088  EE00  F001         	lfsr	0,__pbssCOMRAM
   148  00108C  0E24               	movlw	36
   149  00108E                     clear_0:
   150  00108E  6AEE               	clrf	postinc0,c
   151  001090  06E8               	decf	wreg,f,c
   152  001092  E1FD               	bnz	clear_0
   153  001094                     end_of_initialization:
   154                           	callstack 0
   155  001094                     __end_of__initialization:
   156                           	callstack 0
   157  001094  9032               	bcf	int$flags,0,c	;clear compiler interrupt flag (level 1)
   158  001096  9232               	bcf	int$flags,1,c	;clear compiler interrupt flag (level 2)
   159  001098  0100               	movlb	0
   160  00109A  EF7C  F008         	goto	_main	;jump to C main() function
   161                           
   162                           	psect	bssCOMRAM
   163  000001                     __pbssCOMRAM:
   164                           	callstack 0
   165  000001                     _keypressList:
   166                           	callstack 0
   167  000001                     	ds	10
   168  00000B                     _buffer:
   169                           	callstack 0
   170  00000B                     	ds	10
   171  000015                     _buttonStack:
   172                           	callstack 0
   173  000015                     	ds	8
   174  00001D                     _sendI:
   175                           	callstack 0
   176  00001D                     	ds	1
   177  00001E                     _byteToSend:
   178                           	callstack 0
   179  00001E                     	ds	1
   180  00001F                     _temporary:
   181                           	callstack 0
   182  00001F                     	ds	1
   183  000020                     _rpgTemp:
   184                           	callstack 0
   185  000020                     	ds	1
   186  000021                     _oldPortD:
   187                           	callstack 0
   188  000021                     	ds	1
   189  000022                     _rpgDir:
   190                           	callstack 0
   191  000022                     	ds	1
   192  000023                     _count:
   193                           	callstack 0
   194  000023                     	ds	1
   195  000024                     _readyToSend:
   196                           	callstack 0
   197  000024                     	ds	1
   198                           
   199                           	psect	dataCOMRAM
   200  000025                     __pdataCOMRAM:
   201                           	callstack 0
   202  000025                     _keyCodes:
   203                           	callstack 0
   204  000025                     	ds	5
   205  00002A                     _volumeControls:
   206                           	callstack 0
   207  00002A                     	ds	3
   208  00002D                     _top:
   209                           	callstack 0
   210  00002D                     	ds	1
   211  00002E                     _maxSize:
   212                           	callstack 0
   213  00002E                     	ds	1
   214                           
   215                           	psect	cstackCOMRAM
   216  00002F                     __pcstackCOMRAM:
   217                           	callstack 0
   218  00002F                     ??_LoPriISR:
   219                           
   220                           ; 1 bytes @ 0x0
   221  00002F                     	ds	3
   222  000032                     
   223                           ; 1 bytes @ 0x3
   224 ;;
   225 ;;Main: autosize = 0, tempsize = 0, incstack = 0, save=0
   226 ;;
   227 ;; *************** function _main *****************
   228 ;; Defined at:
   229 ;;		line 151 in file "C:/Users/Will/Documents/GitHub/ASEN-5067-Microavionics/Final Project/FinalProject.X/FinalProjectMa
      +in.c"
   230 ;; Parameters:    Size  Location     Type
   231 ;;		None
   232 ;; Auto vars:     Size  Location     Type
   233 ;;		None
   234 ;; Return value:  Size  Location     Type
   235 ;;                  1    wreg      void 
   236 ;; Registers used:
   237 ;;		wreg, status,2, cstack
   238 ;; Tracked objects:
   239 ;;		On entry : 0/0
   240 ;;		On exit  : 0/0
   241 ;;		Unchanged: 0/0
   242 ;; Data sizes:     COMRAM   BANK0   BANK1   BANK2   BANK3   BANK4   BANK5   BANK6   BANK7   BANK8   BANK9  BANK10  BANK1
      +1  BANK12  BANK13  BANK14  BANK15
   243 ;;      Params:         0       0       0       0       0       0       0       0       0       0       0       0       
      +0       0       0       0       0
   244 ;;      Locals:         0       0       0       0       0       0       0       0       0       0       0       0       
      +0       0       0       0       0
   245 ;;      Temps:          0       0       0       0       0       0       0       0       0       0       0       0       
      +0       0       0       0       0
   246 ;;      Totals:         0       0       0       0       0       0       0       0       0       0       0       0       
      +0       0       0       0       0
   247 ;;Total ram usage:        0 bytes
   248 ;; Hardware stack levels required when called: 4
   249 ;; This function calls:
   250 ;;		_Initial
   251 ;; This function is called by:
   252 ;;		Startup code after reset
   253 ;; This function uses a non-reentrant model
   254 ;;
   255                           
   256                           	psect	text0
   257  0010F8                     __ptext0:
   258                           	callstack 0
   259  0010F8                     _main:
   260                           	callstack 27
   261  0010F8                     
   262                           ;C:/Users/Will/Documents/GitHub/ASEN-5067-Microavionics/Final Project/FinalProject.X/Fin
      +                          alProjectMain.c: 152:     Initial();
   263  0010F8  EC02  F008         	call	_Initial	;wreg free
   264  0010FC                     
   265                           ;C:/Users/Will/Documents/GitHub/ASEN-5067-Microavionics/Final Project/FinalProject.X/Fin
      +                          alProjectMain.c: 153:     TXREG1 = 0xA8;
   266  0010FC  0EA8               	movlw	168
   267  0010FE  6EAD               	movwf	173,c	;volatile
   268  001100  EF31  F000         	goto	start
   269  001104                     __end_of_main:
   270                           	callstack 0
   271                           
   272 ;; *************** function _Initial *****************
   273 ;; Defined at:
   274 ;;		line 172 in file "C:/Users/Will/Documents/GitHub/ASEN-5067-Microavionics/Final Project/FinalProject.X/FinalProjectMa
      +in.c"
   275 ;; Parameters:    Size  Location     Type
   276 ;;		None
   277 ;; Auto vars:     Size  Location     Type
   278 ;;		None
   279 ;; Return value:  Size  Location     Type
   280 ;;                  1    wreg      void 
   281 ;; Registers used:
   282 ;;		wreg, status,2
   283 ;; Tracked objects:
   284 ;;		On entry : 0/0
   285 ;;		On exit  : 0/0
   286 ;;		Unchanged: 0/0
   287 ;; Data sizes:     COMRAM   BANK0   BANK1   BANK2   BANK3   BANK4   BANK5   BANK6   BANK7   BANK8   BANK9  BANK10  BANK1
      +1  BANK12  BANK13  BANK14  BANK15
   288 ;;      Params:         0       0       0       0       0       0       0       0       0       0       0       0       
      +0       0       0       0       0
   289 ;;      Locals:         0       0       0       0       0       0       0       0       0       0       0       0       
      +0       0       0       0       0
   290 ;;      Temps:          0       0       0       0       0       0       0       0       0       0       0       0       
      +0       0       0       0       0
   291 ;;      Totals:         0       0       0       0       0       0       0       0       0       0       0       0       
      +0       0       0       0       0
   292 ;;Total ram usage:        0 bytes
   293 ;; Hardware stack levels used: 1
   294 ;; Hardware stack levels required when called: 3
   295 ;; This function calls:
   296 ;;		Nothing
   297 ;; This function is called by:
   298 ;;		_main
   299 ;; This function uses a non-reentrant model
   300 ;;
   301                           
   302                           	psect	text1
   303  001004                     __ptext1:
   304                           	callstack 0
   305  001004                     _Initial:
   306                           	callstack 27
   307  001004                     
   308                           ;C:/Users/Will/Documents/GitHub/ASEN-5067-Microavionics/Final Project/FinalProject.X/Fin
      +                          alProjectMain.c: 176:     TRISA = 0b00101001;
   309  001004  0E29               	movlw	41
   310  001006  6E92               	movwf	146,c	;volatile
   311                           
   312                           ;C:/Users/Will/Documents/GitHub/ASEN-5067-Microavionics/Final Project/FinalProject.X/Fin
      +                          alProjectMain.c: 177:     LATA = 0;
   313  001008  0E00               	movlw	0
   314  00100A  6E89               	movwf	137,c	;volatile
   315                           
   316                           ;C:/Users/Will/Documents/GitHub/ASEN-5067-Microavionics/Final Project/FinalProject.X/Fin
      +                          alProjectMain.c: 178:     TRISD = 0b00001111;
   317  00100C  0E0F               	movlw	15
   318  00100E  6E95               	movwf	149,c	;volatile
   319                           
   320                           ;C:/Users/Will/Documents/GitHub/ASEN-5067-Microavionics/Final Project/FinalProject.X/Fin
      +                          alProjectMain.c: 179:     LATD = 0;
   321  001010  0E00               	movlw	0
   322  001012  6E8C               	movwf	140,c	;volatile
   323                           
   324                           ;C:/Users/Will/Documents/GitHub/ASEN-5067-Microavionics/Final Project/FinalProject.X/Fin
      +                          alProjectMain.c: 180:     TRISC = 0b10010011;
   325  001014  0E93               	movlw	147
   326  001016  6E94               	movwf	148,c	;volatile
   327                           
   328                           ;C:/Users/Will/Documents/GitHub/ASEN-5067-Microavionics/Final Project/FinalProject.X/Fin
      +                          alProjectMain.c: 181:     LATC = 0;
   329  001018  0E00               	movlw	0
   330  00101A  6E8B               	movwf	139,c	;volatile
   331                           
   332                           ;C:/Users/Will/Documents/GitHub/ASEN-5067-Microavionics/Final Project/FinalProject.X/Fin
      +                          alProjectMain.c: 182:     TRISE = 0b00000000;
   333  00101C  0E00               	movlw	0
   334  00101E  6E96               	movwf	150,c	;volatile
   335  001020                     
   336                           ;C:/Users/Will/Documents/GitHub/ASEN-5067-Microavionics/Final Project/FinalProject.X/Fin
      +                          alProjectMain.c: 183:     LATEbits.LATE0 = 1;
   337  001020  808D               	bsf	141,0,c	;volatile
   338                           
   339                           ;C:/Users/Will/Documents/GitHub/ASEN-5067-Microavionics/Final Project/FinalProject.X/Fin
      +                          alProjectMain.c: 189:     T1CON = 0b00000010;
   340  001022  0E02               	movlw	2
   341  001024  6ECD               	movwf	205,c	;volatile
   342                           
   343                           ;C:/Users/Will/Documents/GitHub/ASEN-5067-Microavionics/Final Project/FinalProject.X/Fin
      +                          alProjectMain.c: 196:     CCP1CON = 0b00001010;
   344  001026  0E0A               	movlw	10
   345  001028  6EBB               	movwf	187,c	;volatile
   346                           
   347                           ;C:/Users/Will/Documents/GitHub/ASEN-5067-Microavionics/Final Project/FinalProject.X/Fin
      +                          alProjectMain.c: 197:     CCPTMRS0bits.C1TSEL = 0;
   348  00102A  0EF8               	movlw	-8
   349  00102C  010F               	movlb	15	; () banked
   350  00102E  172D               	andwf	45,f,b	;volatile
   351                           
   352                           ;C:/Users/Will/Documents/GitHub/ASEN-5067-Microavionics/Final Project/FinalProject.X/Fin
      +                          alProjectMain.c: 198:     CCPR1 = inputDelay;
   353  001030  0E9C               	movlw	156
   354  001032  6EBD               	movwf	189,c	;volatile
   355  001034  0E40               	movlw	64
   356  001036  6EBC               	movwf	188,c	;volatile
   357                           
   358                           ;C:/Users/Will/Documents/GitHub/ASEN-5067-Microavionics/Final Project/FinalProject.X/Fin
      +                          alProjectMain.c: 203:     TXSTA1 = 0b00100000;
   359  001038  0E20               	movlw	32
   360  00103A  6EAC               	movwf	172,c	;volatile
   361                           
   362                           ;C:/Users/Will/Documents/GitHub/ASEN-5067-Microavionics/Final Project/FinalProject.X/Fin
      +                          alProjectMain.c: 204:     RCSTA1 = 0b00010000;
   363  00103C  0E10               	movlw	16
   364  00103E  6EAB               	movwf	171,c	;volatile
   365                           
   366                           ;C:/Users/Will/Documents/GitHub/ASEN-5067-Microavionics/Final Project/FinalProject.X/Fin
      +                          alProjectMain.c: 205:     BAUDCON1 = 0b01000000;
   367  001040  0E40               	movlw	64
   368  001042  6E65               	movwf	101,c	;volatile
   369                           
   370                           ;C:/Users/Will/Documents/GitHub/ASEN-5067-Microavionics/Final Project/FinalProject.X/Fin
      +                          alProjectMain.c: 206:     SPBRG1 = 12;
   371  001044  0E0C               	movlw	12
   372  001046  6EAF               	movwf	175,c	;volatile
   373  001048                     
   374                           ; BSR set to: 15
   375                           ;C:/Users/Will/Documents/GitHub/ASEN-5067-Microavionics/Final Project/FinalProject.X/Fin
      +                          alProjectMain.c: 211:     RCONbits.IPEN = 1;
   376  001048  8ED0               	bsf	208,7,c	;volatile
   377  00104A                     
   378                           ; BSR set to: 15
   379                           ;C:/Users/Will/Documents/GitHub/ASEN-5067-Microavionics/Final Project/FinalProject.X/Fin
      +                          alProjectMain.c: 212:     INTCONbits.GIEL = 1;
   380  00104A  8CF2               	bsf	242,6,c	;volatile
   381  00104C                     
   382                           ; BSR set to: 15
   383                           ;C:/Users/Will/Documents/GitHub/ASEN-5067-Microavionics/Final Project/FinalProject.X/Fin
      +                          alProjectMain.c: 213:     INTCONbits.GIEH = 1;
   384  00104C  8EF2               	bsf	242,7,c	;volatile
   385  00104E                     
   386                           ; BSR set to: 15
   387                           ;C:/Users/Will/Documents/GitHub/ASEN-5067-Microavionics/Final Project/FinalProject.X/Fin
      +                          alProjectMain.c: 216:     IPR1bits.TMR1IP = 0;
   388  00104E  909F               	bcf	159,0,c	;volatile
   389  001050                     
   390                           ; BSR set to: 15
   391                           ;C:/Users/Will/Documents/GitHub/ASEN-5067-Microavionics/Final Project/FinalProject.X/Fin
      +                          alProjectMain.c: 217:     PIE1bits.TMR1IE = 1;
   392  001050  809D               	bsf	157,0,c	;volatile
   393  001052                     
   394                           ; BSR set to: 15
   395                           ;C:/Users/Will/Documents/GitHub/ASEN-5067-Microavionics/Final Project/FinalProject.X/Fin
      +                          alProjectMain.c: 218:     PIR1bits.TMR1IF = 0;
   396  001052  909E               	bcf	158,0,c	;volatile
   397  001054                     
   398                           ; BSR set to: 15
   399                           ;C:/Users/Will/Documents/GitHub/ASEN-5067-Microavionics/Final Project/FinalProject.X/Fin
      +                          alProjectMain.c: 221:     IPR3bits.CCP1IP = 0;
   400  001054  92A5               	bcf	165,1,c	;volatile
   401  001056                     
   402                           ; BSR set to: 15
   403                           ;C:/Users/Will/Documents/GitHub/ASEN-5067-Microavionics/Final Project/FinalProject.X/Fin
      +                          alProjectMain.c: 222:     PIE3bits.CCP1IE = 1;
   404  001056  82A3               	bsf	163,1,c	;volatile
   405  001058                     
   406                           ; BSR set to: 15
   407                           ;C:/Users/Will/Documents/GitHub/ASEN-5067-Microavionics/Final Project/FinalProject.X/Fin
      +                          alProjectMain.c: 223:     PIR3bits.CCP1IF = 0;
   408  001058  92A4               	bcf	164,1,c	;volatile
   409  00105A                     
   410                           ; BSR set to: 15
   411                           ;C:/Users/Will/Documents/GitHub/ASEN-5067-Microavionics/Final Project/FinalProject.X/Fin
      +                          alProjectMain.c: 226:     IPR1bits.RC1IP = 1;
   412  00105A  8A9F               	bsf	159,5,c	;volatile
   413  00105C                     
   414                           ; BSR set to: 15
   415                           ;C:/Users/Will/Documents/GitHub/ASEN-5067-Microavionics/Final Project/FinalProject.X/Fin
      +                          alProjectMain.c: 227:     PIE1bits.RC1IE = 0;
   416  00105C  9A9D               	bcf	157,5,c	;volatile
   417  00105E                     
   418                           ; BSR set to: 15
   419                           ;C:/Users/Will/Documents/GitHub/ASEN-5067-Microavionics/Final Project/FinalProject.X/Fin
      +                          alProjectMain.c: 228:     PIR1bits.RC1IF = 0;
   420  00105E  9A9E               	bcf	158,5,c	;volatile
   421  001060                     
   422                           ; BSR set to: 15
   423                           ;C:/Users/Will/Documents/GitHub/ASEN-5067-Microavionics/Final Project/FinalProject.X/Fin
      +                          alProjectMain.c: 229:     IPR1bits.TX1IP = 1;
   424  001060  889F               	bsf	159,4,c	;volatile
   425  001062                     
   426                           ; BSR set to: 15
   427                           ;C:/Users/Will/Documents/GitHub/ASEN-5067-Microavionics/Final Project/FinalProject.X/Fin
      +                          alProjectMain.c: 230:     PIE1bits.TX1IE = 0;
   428  001062  989D               	bcf	157,4,c	;volatile
   429  001064                     
   430                           ; BSR set to: 15
   431                           ;C:/Users/Will/Documents/GitHub/ASEN-5067-Microavionics/Final Project/FinalProject.X/Fin
      +                          alProjectMain.c: 237:     RCSTA1bits.SPEN = 1;
   432  001064  8EAB               	bsf	171,7,c	;volatile
   433  001066                     
   434                           ; BSR set to: 15
   435  001066  0012               	return		;funcret
   436  001068                     __end_of_Initial:
   437                           	callstack 0
   438                           
   439 ;; *************** function _LoPriISR *****************
   440 ;; Defined at:
   441 ;;		line 344 in file "C:/Users/Will/Documents/GitHub/ASEN-5067-Microavionics/Final Project/FinalProject.X/FinalProjectMa
      +in.c"
   442 ;; Parameters:    Size  Location     Type
   443 ;;		None
   444 ;; Auto vars:     Size  Location     Type
   445 ;;		None
   446 ;; Return value:  Size  Location     Type
   447 ;;                  1    wreg      void 
   448 ;; Registers used:
   449 ;;		wreg, status,2, status,0, cstack
   450 ;; Tracked objects:
   451 ;;		On entry : 0/0
   452 ;;		On exit  : 0/0
   453 ;;		Unchanged: 0/0
   454 ;; Data sizes:     COMRAM   BANK0   BANK1   BANK2   BANK3   BANK4   BANK5   BANK6   BANK7   BANK8   BANK9  BANK10  BANK1
      +1  BANK12  BANK13  BANK14  BANK15
   455 ;;      Params:         0       0       0       0       0       0       0       0       0       0       0       0       
      +0       0       0       0       0
   456 ;;      Locals:         0       0       0       0       0       0       0       0       0       0       0       0       
      +0       0       0       0       0
   457 ;;      Temps:          3       0       0       0       0       0       0       0       0       0       0       0       
      +0       0       0       0       0
   458 ;;      Totals:         3       0       0       0       0       0       0       0       0       0       0       0       
      +0       0       0       0       0
   459 ;;Total ram usage:        3 bytes
   460 ;; Hardware stack levels used: 1
   461 ;; Hardware stack levels required when called: 2
   462 ;; This function calls:
   463 ;;		_CCP1Handler
   464 ;;		_TMR1Handler
   465 ;; This function is called by:
   466 ;;		Interrupt level 1
   467 ;; This function uses a non-reentrant model
   468 ;;
   469                           
   470                           	psect	intcodelo
   471  000018                     __pintcodelo:
   472                           	callstack 0
   473  000018                     _LoPriISR:
   474                           	callstack 27
   475                           
   476                           ; BSR set to: 15
   477                           ;incstack = 0
   478  000018  8032               	bsf	int$flags,0,c	;set compiler interrupt flag (level 1)
   479  00001A  CFD8 F02F          	movff	status,??_LoPriISR
   480  00001E  CFE8 F030          	movff	wreg,??_LoPriISR+1
   481  000022  CFE0 F031          	movff	bsr,??_LoPriISR+2
   482  000026                     i1l135:
   483                           
   484                           ;C:/Users/Will/Documents/GitHub/ASEN-5067-Microavionics/Final Project/FinalProject.X/Fin
      +                          alProjectMain.c: 347:         if(PIR3bits.CCP1IF)
   485  000026  A2A4               	btfss	164,1,c	;volatile
   486  000028  EF18  F000         	goto	i1u7_21
   487  00002C  EF1A  F000         	goto	i1u7_20
   488  000030                     i1u7_21:
   489  000030  EF1E  F000         	goto	i1l136
   490  000034                     i1u7_20:
   491  000034                     
   492                           ;C:/Users/Will/Documents/GitHub/ASEN-5067-Microavionics/Final Project/FinalProject.X/Fin
      +                          alProjectMain.c: 348:         {;C:/Users/Will/Documents/GitHub/ASEN-5067-Microavionics/F
      +                          inal Project/FinalProject.X/FinalProjectMain.c: 349:             CCP1Handler();
   493  000034  EC6A  F008         	call	_CCP1Handler	;wreg free
   494                           
   495                           ;C:/Users/Will/Documents/GitHub/ASEN-5067-Microavionics/Final Project/FinalProject.X/Fin
      +                          alProjectMain.c: 350:             continue;
   496  000038  EF13  F000         	goto	i1l135
   497  00003C                     i1l136:
   498                           
   499                           ;C:/Users/Will/Documents/GitHub/ASEN-5067-Microavionics/Final Project/FinalProject.X/Fin
      +                          alProjectMain.c: 352:         if(PIR1bits.TMR1IF)
   500  00003C  A09E               	btfss	158,0,c	;volatile
   501  00003E  EF23  F000         	goto	i1u8_21
   502  000042  EF25  F000         	goto	i1u8_20
   503  000046                     i1u8_21:
   504  000046  EF29  F000         	goto	i1l140
   505  00004A                     i1u8_20:
   506  00004A                     
   507                           ;C:/Users/Will/Documents/GitHub/ASEN-5067-Microavionics/Final Project/FinalProject.X/Fin
      +                          alProjectMain.c: 353:         {;C:/Users/Will/Documents/GitHub/ASEN-5067-Microavionics/F
      +                          inal Project/FinalProject.X/FinalProjectMain.c: 354:             TMR1Handler();
   508  00004A  EC87  F008         	call	_TMR1Handler	;wreg free
   509                           
   510                           ;C:/Users/Will/Documents/GitHub/ASEN-5067-Microavionics/Final Project/FinalProject.X/Fin
      +                          alProjectMain.c: 355:             continue;
   511  00004E  EF13  F000         	goto	i1l135
   512  000052                     i1l140:
   513  000052  C031  FFE0         	movff	??_LoPriISR+2,bsr
   514  000056  C030  FFE8         	movff	??_LoPriISR+1,wreg
   515  00005A  C02F  FFD8         	movff	??_LoPriISR,status
   516  00005E  9032               	bcf	int$flags,0,c	;clear compiler interrupt flag (level 1)
   517  000060  0010               	retfie	
   518  000062                     __end_of_LoPriISR:
   519                           	callstack 0
   520                           
   521 ;; *************** function _TMR1Handler *****************
   522 ;; Defined at:
   523 ;;		line 395 in file "C:/Users/Will/Documents/GitHub/ASEN-5067-Microavionics/Final Project/FinalProject.X/FinalProjectMa
      +in.c"
   524 ;; Parameters:    Size  Location     Type
   525 ;;		None
   526 ;; Auto vars:     Size  Location     Type
   527 ;;		None
   528 ;; Return value:  Size  Location     Type
   529 ;;                  1    wreg      void 
   530 ;; Registers used:
   531 ;;		None
   532 ;; Tracked objects:
   533 ;;		On entry : 0/0
   534 ;;		On exit  : 0/0
   535 ;;		Unchanged: 0/0
   536 ;; Data sizes:     COMRAM   BANK0   BANK1   BANK2   BANK3   BANK4   BANK5   BANK6   BANK7   BANK8   BANK9  BANK10  BANK1
      +1  BANK12  BANK13  BANK14  BANK15
   537 ;;      Params:         0       0       0       0       0       0       0       0       0       0       0       0       
      +0       0       0       0       0
   538 ;;      Locals:         0       0       0       0       0       0       0       0       0       0       0       0       
      +0       0       0       0       0
   539 ;;      Temps:          0       0       0       0       0       0       0       0       0       0       0       0       
      +0       0       0       0       0
   540 ;;      Totals:         0       0       0       0       0       0       0       0       0       0       0       0       
      +0       0       0       0       0
   541 ;;Total ram usage:        0 bytes
   542 ;; Hardware stack levels used: 1
   543 ;; Hardware stack levels required when called: 1
   544 ;; This function calls:
   545 ;;		Nothing
   546 ;; This function is called by:
   547 ;;		_LoPriISR
   548 ;; This function uses a non-reentrant model
   549 ;;
   550                           
   551                           	psect	text3
   552  00110E                     __ptext3:
   553                           	callstack 0
   554  00110E                     _TMR1Handler:
   555                           	callstack 27
   556  00110E                     
   557                           ;C:/Users/Will/Documents/GitHub/ASEN-5067-Microavionics/Final Project/FinalProject.X/Fin
      +                          alProjectMain.c: 397:     PIR1bits.TMR1IF = 0;
   558  00110E  909E               	bcf	158,0,c	;volatile
   559  001110  0012               	return		;funcret
   560  001112                     __end_of_TMR1Handler:
   561                           	callstack 0
   562                           
   563 ;; *************** function _CCP1Handler *****************
   564 ;; Defined at:
   565 ;;		line 373 in file "C:/Users/Will/Documents/GitHub/ASEN-5067-Microavionics/Final Project/FinalProject.X/FinalProjectMa
      +in.c"
   566 ;; Parameters:    Size  Location     Type
   567 ;;		None
   568 ;; Auto vars:     Size  Location     Type
   569 ;;		None
   570 ;; Return value:  Size  Location     Type
   571 ;;                  1    wreg      void 
   572 ;; Registers used:
   573 ;;		wreg, status,2, status,0
   574 ;; Tracked objects:
   575 ;;		On entry : 0/0
   576 ;;		On exit  : 0/0
   577 ;;		Unchanged: 0/0
   578 ;; Data sizes:     COMRAM   BANK0   BANK1   BANK2   BANK3   BANK4   BANK5   BANK6   BANK7   BANK8   BANK9  BANK10  BANK1
      +1  BANK12  BANK13  BANK14  BANK15
   579 ;;      Params:         0       0       0       0       0       0       0       0       0       0       0       0       
      +0       0       0       0       0
   580 ;;      Locals:         0       0       0       0       0       0       0       0       0       0       0       0       
      +0       0       0       0       0
   581 ;;      Temps:          0       0       0       0       0       0       0       0       0       0       0       0       
      +0       0       0       0       0
   582 ;;      Totals:         0       0       0       0       0       0       0       0       0       0       0       0       
      +0       0       0       0       0
   583 ;;Total ram usage:        0 bytes
   584 ;; Hardware stack levels used: 1
   585 ;; Hardware stack levels required when called: 1
   586 ;; This function calls:
   587 ;;		Nothing
   588 ;; This function is called by:
   589 ;;		_LoPriISR
   590 ;; This function uses a non-reentrant model
   591 ;;
   592                           
   593                           	psect	text4
   594  0010D4                     __ptext4:
   595                           	callstack 0
   596  0010D4                     _CCP1Handler:
   597                           	callstack 27
   598  0010D4                     
   599                           ;C:/Users/Will/Documents/GitHub/ASEN-5067-Microavionics/Final Project/FinalProject.X/Fin
      +                          alProjectMain.c: 376:     if(PIR1bits.TMR1IF)
   600  0010D4  A09E               	btfss	158,0,c	;volatile
   601  0010D6  EF6F  F008         	goto	i1u1_21
   602  0010DA  EF71  F008         	goto	i1u1_20
   603  0010DE                     i1u1_21:
   604  0010DE  EF72  F008         	goto	i1l143
   605  0010E2                     i1u1_20:
   606  0010E2                     
   607                           ;C:/Users/Will/Documents/GitHub/ASEN-5067-Microavionics/Final Project/FinalProject.X/Fin
      +                          alProjectMain.c: 377:         PIR1bits.TMR1IF = 0;
   608  0010E2  909E               	bcf	158,0,c	;volatile
   609  0010E4                     i1l143:
   610                           
   611                           ;C:/Users/Will/Documents/GitHub/ASEN-5067-Microavionics/Final Project/FinalProject.X/Fin
      +                          alProjectMain.c: 379:     T1CONbits.TMR1ON = 0;
   612  0010E4  90CD               	bcf	205,0,c	;volatile
   613  0010E6                     
   614                           ;C:/Users/Will/Documents/GitHub/ASEN-5067-Microavionics/Final Project/FinalProject.X/Fin
      +                          alProjectMain.c: 380:     TMR1 = 0;
   615  0010E6  0E00               	movlw	0
   616  0010E8  6ECF               	movwf	207,c	;volatile
   617  0010EA  0E00               	movlw	0
   618  0010EC  6ECE               	movwf	206,c	;volatile
   619  0010EE                     
   620                           ;C:/Users/Will/Documents/GitHub/ASEN-5067-Microavionics/Final Project/FinalProject.X/Fin
      +                          alProjectMain.c: 382:     readyToSend = readyToSend | 0b00000100;
   621  0010EE  5024               	movf	_readyToSend^0,w,c
   622  0010F0  0904               	iorlw	4
   623  0010F2  6E24               	movwf	_readyToSend^0,c
   624  0010F4                     
   625                           ;C:/Users/Will/Documents/GitHub/ASEN-5067-Microavionics/Final Project/FinalProject.X/Fin
      +                          alProjectMain.c: 384:     PIR3bits.CCP1IF = 0;
   626  0010F4  92A4               	bcf	164,1,c	;volatile
   627  0010F6  0012               	return		;funcret
   628  0010F8                     __end_of_CCP1Handler:
   629                           	callstack 0
   630                           
   631 ;; *************** function _HiPriISR *****************
   632 ;; Defined at:
   633 ;;		line 317 in file "C:/Users/Will/Documents/GitHub/ASEN-5067-Microavionics/Final Project/FinalProject.X/FinalProjectMa
      +in.c"
   634 ;; Parameters:    Size  Location     Type
   635 ;;		None
   636 ;; Auto vars:     Size  Location     Type
   637 ;;		None
   638 ;; Return value:  Size  Location     Type
   639 ;;                  1    wreg      void 
   640 ;; Registers used:
   641 ;;		None
   642 ;; Tracked objects:
   643 ;;		On entry : 0/0
   644 ;;		On exit  : 0/0
   645 ;;		Unchanged: 0/0
   646 ;; Data sizes:     COMRAM   BANK0   BANK1   BANK2   BANK3   BANK4   BANK5   BANK6   BANK7   BANK8   BANK9  BANK10  BANK1
      +1  BANK12  BANK13  BANK14  BANK15
   647 ;;      Params:         0       0       0       0       0       0       0       0       0       0       0       0       
      +0       0       0       0       0
   648 ;;      Locals:         0       0       0       0       0       0       0       0       0       0       0       0       
      +0       0       0       0       0
   649 ;;      Temps:          0       0       0       0       0       0       0       0       0       0       0       0       
      +0       0       0       0       0
   650 ;;      Totals:         0       0       0       0       0       0       0       0       0       0       0       0       
      +0       0       0       0       0
   651 ;;Total ram usage:        0 bytes
   652 ;; Hardware stack levels used: 1
   653 ;; This function calls:
   654 ;;		Nothing
   655 ;; This function is called by:
   656 ;;		Interrupt level 2
   657 ;; This function uses a non-reentrant model
   658 ;;
   659                           
   660                           	psect	intcode
   661  000008                     __pintcode:
   662                           	callstack 0
   663  000008                     _HiPriISR:
   664                           	callstack 27
   665                           
   666                           ;incstack = 0
   667  000008  8232               	bsf	int$flags,1,c	;set compiler interrupt flag (level 2)
   668  00000A  EF4F  F008         	goto	int_func
   669                           
   670                           	psect	intcode_body
   671  00109E                     __pintcode_body:
   672                           	callstack 27
   673  00109E                     int_func:
   674                           	callstack 27
   675  00109E                     i2l125:
   676                           
   677                           ;C:/Users/Will/Documents/GitHub/ASEN-5067-Microavionics/Final Project/FinalProject.X/Fin
      +                          alProjectMain.c: 319:     {;C:/Users/Will/Documents/GitHub/ASEN-5067-Microavionics/Final
      +                           Project/FinalProject.X/FinalProjectMain.c: 320:         if(PIR1bits.RC1IF)
   678  00109E  AA9E               	btfss	158,5,c	;volatile
   679  0010A0  EF54  F008         	goto	i2u4_41
   680  0010A4  EF56  F008         	goto	i2u4_40
   681  0010A8                     i2u4_41:
   682  0010A8  EF58  F008         	goto	i2l126
   683  0010AC                     i2u4_40:
   684  0010AC  EF4F  F008         	goto	i2l125
   685  0010B0                     i2l126:
   686                           
   687                           ;C:/Users/Will/Documents/GitHub/ASEN-5067-Microavionics/Final Project/FinalProject.X/Fin
      +                          alProjectMain.c: 326:         if(PIR1bits.TX1IF && PIE1bits.TX1IE)
   688  0010B0  A89E               	btfss	158,4,c	;volatile
   689  0010B2  EF5D  F008         	goto	i2u5_41
   690  0010B6  EF5F  F008         	goto	i2u5_40
   691  0010BA                     i2u5_41:
   692  0010BA  EF68  F008         	goto	i2l130
   693  0010BE                     i2u5_40:
   694  0010BE  A89D               	btfss	157,4,c	;volatile
   695  0010C0  EF64  F008         	goto	i2u6_41
   696  0010C4  EF66  F008         	goto	i2u6_40
   697  0010C8                     i2u6_41:
   698  0010C8  EF68  F008         	goto	i2l130
   699  0010CC                     i2u6_40:
   700  0010CC  EF4F  F008         	goto	i2l125
   701  0010D0                     i2l130:
   702  0010D0  9232               	bcf	int$flags,1,c	;clear compiler interrupt flag (level 2)
   703  0010D2  0011               	retfie		f
   704  0010D4                     __end_of_HiPriISR:
   705                           	callstack 0
   706                           
   707                           	psect	rparam
   708  0000                     
   709                           	psect	temp
   710  000032                     btemp:
   711                           	callstack 0
   712  000032                     	ds	1
   713  0000                     int$flags	set	btemp
   714  0000                     wtemp8	set	btemp+1
   715  0000                     ttemp5	set	btemp+1
   716  0000                     ttemp6	set	btemp+4
   717  0000                     ttemp7	set	btemp+8
   718                           
   719                           	psect	idloc
   720                           
   721                           ;Config register IDLOC0 @ 0x200000
   722                           ;	unspecified, using default values
   723  200000                     	org	2097152
   724  200000  FF                 	db	255
   725                           
   726                           ;Config register IDLOC1 @ 0x200001
   727                           ;	unspecified, using default values
   728  200001                     	org	2097153
   729  200001  FF                 	db	255
   730                           
   731                           ;Config register IDLOC2 @ 0x200002
   732                           ;	unspecified, using default values
   733  200002                     	org	2097154
   734  200002  FF                 	db	255
   735                           
   736                           ;Config register IDLOC3 @ 0x200003
   737                           ;	unspecified, using default values
   738  200003                     	org	2097155
   739  200003  FF                 	db	255
   740                           
   741                           ;Config register IDLOC4 @ 0x200004
   742                           ;	unspecified, using default values
   743  200004                     	org	2097156
   744  200004  FF                 	db	255
   745                           
   746                           ;Config register IDLOC5 @ 0x200005
   747                           ;	unspecified, using default values
   748  200005                     	org	2097157
   749  200005  FF                 	db	255
   750                           
   751                           ;Config register IDLOC6 @ 0x200006
   752                           ;	unspecified, using default values
   753  200006                     	org	2097158
   754  200006  FF                 	db	255
   755                           
   756                           ;Config register IDLOC7 @ 0x200007
   757                           ;	unspecified, using default values
   758  200007                     	org	2097159
   759  200007  FF                 	db	255
   760                           
   761                           	psect	config
   762                           
   763                           ;Config register CONFIG1L @ 0x300000
   764                           ;	VREG Sleep Enable bit
   765                           ;	RETEN = 0x1, unprogrammed default
   766                           ;	LF-INTOSC Low-power Enable bit
   767                           ;	INTOSCSEL = 0x1, unprogrammed default
   768                           ;	SOSC Power Selection and mode Configuration bits
   769                           ;	SOSCSEL = 0x3, unprogrammed default
   770                           ;	Extended Instruction Set
   771                           ;	XINST = OFF, Disabled
   772  300000                     	org	3145728
   773  300000  1D                 	db	29
   774                           
   775                           ;Config register CONFIG1H @ 0x300001
   776                           ;	Oscillator
   777                           ;	FOSC = HS1, HS oscillator (Medium power, 4 MHz - 16 MHz)
   778                           ;	PLL x4 Enable bit
   779                           ;	PLLCFG = OFF, Disabled
   780                           ;	Fail-Safe Clock Monitor
   781                           ;	FCMEN = 0x0, unprogrammed default
   782                           ;	Internal External Oscillator Switch Over Mode
   783                           ;	IESO = 0x0, unprogrammed default
   784  300001                     	org	3145729
   785  300001  03                 	db	3
   786                           
   787                           ;Config register CONFIG2L @ 0x300002
   788                           ;	Power Up Timer
   789                           ;	PWRTEN = ON, Enabled
   790                           ;	Brown Out Detect
   791                           ;	BOREN = ON, Controlled with SBOREN bit
   792                           ;	Brown-out Reset Voltage bits
   793                           ;	BORV = 2, 2.0V
   794                           ;	BORMV Power level
   795                           ;	BORPWR = 0x3, unprogrammed default
   796  300002                     	org	3145730
   797  300002  72                 	db	114
   798                           
   799                           ;Config register CONFIG2H @ 0x300003
   800                           ;	Watchdog Timer
   801                           ;	WDTEN = OFF, WDT disabled in hardware; SWDTEN bit disabled
   802                           ;	Watchdog Postscaler
   803                           ;	WDTPS = 0x1F, unprogrammed default
   804  300003                     	org	3145731
   805  300003  7C                 	db	124
   806                           
   807                           ;Config register CONFIG3L @ 0x300004
   808                           ;	unspecified, using default values
   809                           ;	RTCC Clock Select
   810                           ;	RTCOSC = 0x1, unprogrammed default
   811                           ;	External Address Shift bit
   812                           ;	EASHFT = 0x1, unprogrammed default
   813                           ;	Address Bus Width Select bits
   814                           ;	ABW = 0x3, unprogrammed default
   815                           ;	Data Bus Width
   816                           ;	BW = 0x1, unprogrammed default
   817                           ;	External Bus Wait
   818                           ;	WAIT = 0x1, unprogrammed default
   819  300004                     	org	3145732
   820  300004  F9                 	db	249
   821                           
   822                           ;Config register CONFIG3H @ 0x300005
   823                           ;	CCP2 Mux
   824                           ;	CCP2MX = PORTC, RC1
   825                           ;	ECCP Mux
   826                           ;	ECCPMX = 0x1, unprogrammed default
   827                           ;	MSSP address masking
   828                           ;	MSSPMSK = 0x1, unprogrammed default
   829                           ;	Master Clear Enable
   830                           ;	MCLRE = 0x1, unprogrammed default
   831  300005                     	org	3145733
   832  300005  8B                 	db	139
   833                           
   834                           ;Config register CONFIG4L @ 0x300006
   835                           ;	unspecified, using default values
   836                           ;	Stack Overflow Reset
   837                           ;	STVREN = 0x1, unprogrammed default
   838                           ;	Boot Block Size
   839                           ;	BBSIZ = 0x1, unprogrammed default
   840                           ;	Background Debug
   841                           ;	DEBUG = 0x1, unprogrammed default
   842  300006                     	org	3145734
   843  300006  91                 	db	145
   844                           
   845                           ; Padding undefined space
   846  300007                     	org	3145735
   847  300007  FF                 	db	255
   848                           
   849                           ;Config register CONFIG5L @ 0x300008
   850                           ;	unspecified, using default values
   851                           ;	Code Protect 00800-03FFF
   852                           ;	CP0 = 0x1, unprogrammed default
   853                           ;	Code Protect 04000-07FFF
   854                           ;	CP1 = 0x1, unprogrammed default
   855                           ;	Code Protect 08000-0BFFF
   856                           ;	CP2 = 0x1, unprogrammed default
   857                           ;	Code Protect 0C000-0FFFF
   858                           ;	CP3 = 0x1, unprogrammed default
   859                           ;	Code Protect 10000-13FFF
   860                           ;	CP4 = 0x1, unprogrammed default
   861                           ;	Code Protect 14000-17FFF
   862                           ;	CP5 = 0x1, unprogrammed default
   863                           ;	Code Protect 18000-1BFFF
   864                           ;	CP6 = 0x1, unprogrammed default
   865                           ;	Code Protect 1C000-1FFFF
   866                           ;	CP7 = 0x1, unprogrammed default
   867  300008                     	org	3145736
   868  300008  FF                 	db	255
   869                           
   870                           ;Config register CONFIG5H @ 0x300009
   871                           ;	unspecified, using default values
   872                           ;	Code Protect Boot
   873                           ;	CPB = 0x1, unprogrammed default
   874                           ;	Data EE Read Protect
   875                           ;	CPD = 0x1, unprogrammed default
   876  300009                     	org	3145737
   877  300009  C0                 	db	192
   878                           
   879                           ;Config register CONFIG6L @ 0x30000A
   880                           ;	unspecified, using default values
   881                           ;	Table Write Protect 00800-03FFF
   882                           ;	WRT0 = 0x1, unprogrammed default
   883                           ;	Table Write Protect 04000-07FFF
   884                           ;	WRT1 = 0x1, unprogrammed default
   885                           ;	Table Write Protect 08000-0BFFF
   886                           ;	WRT2 = 0x1, unprogrammed default
   887                           ;	Table Write Protect 0C000-0FFFF
   888                           ;	WRT3 = 0x1, unprogrammed default
   889                           ;	Table Write Protect 10000-13FFF
   890                           ;	WRT4 = 0x1, unprogrammed default
   891                           ;	Table Write Protect 14000-17FFF
   892                           ;	WRT5 = 0x1, unprogrammed default
   893                           ;	Table Write Protect 18000-1BFFF
   894                           ;	WRT6 = 0x1, unprogrammed default
   895                           ;	Table Write Protect 1C000-1FFFF
   896                           ;	WRT7 = 0x1, unprogrammed default
   897  30000A                     	org	3145738
   898  30000A  FF                 	db	255
   899                           
   900                           ;Config register CONFIG6H @ 0x30000B
   901                           ;	unspecified, using default values
   902                           ;	Config. Write Protect
   903                           ;	WRTC = 0x1, unprogrammed default
   904                           ;	Table Write Protect Boot
   905                           ;	WRTB = 0x1, unprogrammed default
   906                           ;	Data EE Write Protect
   907                           ;	WRTD = 0x1, unprogrammed default
   908  30000B                     	org	3145739
   909  30000B  E0                 	db	224
   910                           
   911                           ;Config register CONFIG7L @ 0x30000C
   912                           ;	unspecified, using default values
   913                           ;	Table Read Protect 00800-03FFF
   914                           ;	EBRT0 = 0x1, unprogrammed default
   915                           ;	Table Read Protect 04000-07FFF
   916                           ;	EBRT1 = 0x1, unprogrammed default
   917                           ;	Table Read Protect 08000-0BFFF
   918                           ;	EBRT2 = 0x1, unprogrammed default
   919                           ;	Table Read Protect 0C000-0FFFF
   920                           ;	EBRT3 = 0x1, unprogrammed default
   921                           ;	Table Read Protect 10000-13FFF
   922                           ;	EBRT4 = 0x1, unprogrammed default
   923                           ;	Table Read Protect 14000-17FFF
   924                           ;	EBRT5 = 0x1, unprogrammed default
   925                           ;	Table Read Protect 18000-1BFFF
   926                           ;	EBRT6 = 0x1, unprogrammed default
   927                           ;	Table Read Protect 1C000-1FFFF
   928                           ;	EBRT7 = 0x1, unprogrammed default
   929  30000C                     	org	3145740
   930  30000C  FF                 	db	255
   931                           
   932                           ;Config register CONFIG7H @ 0x30000D
   933                           ;	unspecified, using default values
   934                           ;	Table Read Protect Boot
   935                           ;	EBRTB = 0x1, unprogrammed default
   936  30000D                     	org	3145741
   937  30000D  40                 	db	64
   938                           tosu	equ	0xFFF
   939                           tosh	equ	0xFFE
   940                           tosl	equ	0xFFD
   941                           stkptr	equ	0xFFC
   942                           pclatu	equ	0xFFB
   943                           pclath	equ	0xFFA
   944                           pcl	equ	0xFF9
   945                           tblptru	equ	0xFF8
   946                           tblptrh	equ	0xFF7
   947                           tblptrl	equ	0xFF6
   948                           tablat	equ	0xFF5
   949                           prodh	equ	0xFF4
   950                           prodl	equ	0xFF3
   951                           indf0	equ	0xFEF
   952                           postinc0	equ	0xFEE
   953                           postdec0	equ	0xFED
   954                           preinc0	equ	0xFEC
   955                           plusw0	equ	0xFEB
   956                           fsr0h	equ	0xFEA
   957                           fsr0l	equ	0xFE9
   958                           wreg	equ	0xFE8
   959                           indf1	equ	0xFE7
   960                           postinc1	equ	0xFE6
   961                           postdec1	equ	0xFE5
   962                           preinc1	equ	0xFE4
   963                           plusw1	equ	0xFE3
   964                           fsr1h	equ	0xFE2
   965                           fsr1l	equ	0xFE1
   966                           bsr	equ	0xFE0
   967                           indf2	equ	0xFDF
   968                           postinc2	equ	0xFDE
   969                           postdec2	equ	0xFDD
   970                           preinc2	equ	0xFDC
   971                           plusw2	equ	0xFDB
   972                           fsr2h	equ	0xFDA
   973                           fsr2l	equ	0xFD9
   974                           status	equ	0xFD8

Data Sizes:
    Strings     0
    Constant    2
    Data        10
    BSS         36
    Persistent  0
    Stack       0

Auto Spaces:
    Space          Size  Autos    Used
    COMRAM           94      3      49
    BANK0           160      0       0
    BANK1           256      0       0
    BANK2           256      0       0
    BANK3           256      0       0
    BANK4           256      0       0
    BANK5           256      0       0
    BANK6           256      0       0
    BANK7           256      0       0
    BANK8           256      0       0
    BANK9           256      0       0
    BANK10          256      0       0
    BANK11          256      0       0
    BANK12          256      0       0
    BANK13          256      0       0
    BANK14          256      0       0
    BANK15           22      0       0

Pointer List with Targets:

    None.

Critical Paths under _main in COMRAM

    None.

Critical Paths under _LoPriISR in COMRAM

    None.

Critical Paths under _HiPriISR in COMRAM

    None.

Critical Paths under _main in BANK0

    None.

Critical Paths under _LoPriISR in BANK0

    None.

Critical Paths under _HiPriISR in BANK0

    None.

Critical Paths under _main in BANK1

    None.

Critical Paths under _LoPriISR in BANK1

    None.

Critical Paths under _HiPriISR in BANK1

    None.

Critical Paths under _main in BANK2

    None.

Critical Paths under _LoPriISR in BANK2

    None.

Critical Paths under _HiPriISR in BANK2

    None.

Critical Paths under _main in BANK3

    None.

Critical Paths under _LoPriISR in BANK3

    None.

Critical Paths under _HiPriISR in BANK3

    None.

Critical Paths under _main in BANK4

    None.

Critical Paths under _LoPriISR in BANK4

    None.

Critical Paths under _HiPriISR in BANK4

    None.

Critical Paths under _main in BANK5

    None.

Critical Paths under _LoPriISR in BANK5

    None.

Critical Paths under _HiPriISR in BANK5

    None.

Critical Paths under _main in BANK6

    None.

Critical Paths under _LoPriISR in BANK6

    None.

Critical Paths under _HiPriISR in BANK6

    None.

Critical Paths under _main in BANK7

    None.

Critical Paths under _LoPriISR in BANK7

    None.

Critical Paths under _HiPriISR in BANK7

    None.

Critical Paths under _main in BANK8

    None.

Critical Paths under _LoPriISR in BANK8

    None.

Critical Paths under _HiPriISR in BANK8

    None.

Critical Paths under _main in BANK9

    None.

Critical Paths under _LoPriISR in BANK9

    None.

Critical Paths under _HiPriISR in BANK9

    None.

Critical Paths under _main in BANK10

    None.

Critical Paths under _LoPriISR in BANK10

    None.

Critical Paths under _HiPriISR in BANK10

    None.

Critical Paths under _main in BANK11

    None.

Critical Paths under _LoPriISR in BANK11

    None.

Critical Paths under _HiPriISR in BANK11

    None.

Critical Paths under _main in BANK12

    None.

Critical Paths under _LoPriISR in BANK12

    None.

Critical Paths under _HiPriISR in BANK12

    None.

Critical Paths under _main in BANK13

    None.

Critical Paths under _LoPriISR in BANK13

    None.

Critical Paths under _HiPriISR in BANK13

    None.

Critical Paths under _main in BANK14

    None.

Critical Paths under _LoPriISR in BANK14

    None.

Critical Paths under _HiPriISR in BANK14

    None.

Critical Paths under _main in BANK15

    None.

Critical Paths under _LoPriISR in BANK15

    None.

Critical Paths under _HiPriISR in BANK15

    None.

Call Graph Tables:

 ---------------------------------------------------------------------------------
 (Depth) Function   	        Calls       Base Space   Used Autos Params    Refs
 ---------------------------------------------------------------------------------
 (0) _main                                                 0     0      0       0
                            _Initial
 ---------------------------------------------------------------------------------
 (1) _Initial                                              0     0      0       0
 ---------------------------------------------------------------------------------
 Estimated maximum stack depth 1
 ---------------------------------------------------------------------------------
 (Depth) Function   	        Calls       Base Space   Used Autos Params    Refs
 ---------------------------------------------------------------------------------
 (2) _LoPriISR                                             3     3      0       0
                                              0 COMRAM     3     3      0
                        _CCP1Handler
                        _TMR1Handler
 ---------------------------------------------------------------------------------
 (3) _TMR1Handler                                          0     0      0       0
 ---------------------------------------------------------------------------------
 (3) _CCP1Handler                                          0     0      0       0
 ---------------------------------------------------------------------------------
 Estimated maximum stack depth 3
 ---------------------------------------------------------------------------------
 (Depth) Function   	        Calls       Base Space   Used Autos Params    Refs
 ---------------------------------------------------------------------------------
 (4) _HiPriISR                                             0     0      0       0
 ---------------------------------------------------------------------------------
 Estimated maximum stack depth 4
 ---------------------------------------------------------------------------------

 Call Graph Graphs:

 _main (ROOT)
   _Initial

 _LoPriISR (ROOT)
   _CCP1Handler
   _TMR1Handler

 _HiPriISR (ROOT)

 Address spaces:
Name               Size   Autos  Total    Cost      Usage
BIGRAM             F15      0       0      37        0.0%
EEDATA             400      0       0       0        0.0%
BITBANK14          100      0       0      33        0.0%
BANK14             100      0       0      34        0.0%
BITBANK13          100      0       0      31        0.0%
BANK13             100      0       0      32        0.0%
BITBANK12          100      0       0      29        0.0%
BANK12             100      0       0      30        0.0%
BITBANK11          100      0       0      27        0.0%
BANK11             100      0       0      28        0.0%
BITBANK10          100      0       0      25        0.0%
BANK10             100      0       0      26        0.0%
BITBANK9           100      0       0      23        0.0%
BANK9              100      0       0      24        0.0%
BITBANK8           100      0       0      21        0.0%
BANK8              100      0       0      22        0.0%
BITBANK7           100      0       0      19        0.0%
BANK7              100      0       0      20        0.0%
BITBANK6           100      0       0      17        0.0%
BANK6              100      0       0      18        0.0%
BITBANK5           100      0       0      15        0.0%
BANK5              100      0       0      16        0.0%
BITBANK4           100      0       0      13        0.0%
BANK4              100      0       0      14        0.0%
BITBANK3           100      0       0      10        0.0%
BANK3              100      0       0      11        0.0%
BITBANK2           100      0       0       8        0.0%
BANK2              100      0       0       9        0.0%
BITBANK1           100      0       0       6        0.0%
BANK1              100      0       0       7        0.0%
BITBANK0            A0      0       0       4        0.0%
BANK0               A0      0       0       5        0.0%
BITCOMRAM           5E      0       0       0        0.0%
COMRAM              5E      3      31       1       52.1%
BITBANK15           16      0       0      35        0.0%
BANK15              16      0       0      36        0.0%
BITSFR_1             0      0       0     200        0.0%
SFR_1                0      0       0     200        0.0%
BITSFR               0      0       0     200        0.0%
SFR                  0      0       0     200        0.0%
STACK                0      0       0       2        0.0%
NULL                 0      0       0       0        0.0%
ABS                  0      0      31      12        0.0%
DATA                 0      0      31       3        0.0%
CODE                 0      0       0       0        0.0%


Microchip Technology PIC18 Macro Assembler V2.32 build 20210201212658 
Symbol Table                                                                                   Mon Dec 13 04:03:48 2021

                     bsr 000FE0     __size_of_CCP1Handler 0024                      l101 1100  
                    l104 1066                      l831 104C                      l823 1004  
                    l841 1056                      l833 104E                      l825 1020  
                    l851 1060                      l843 1058                      l835 1050  
                    l827 1048                      l853 1062                      l845 105A  
                    l837 1052                      l829 104A                      l855 1064  
                    l847 105C                      l839 1054                      l871 10FC  
                    l849 105E                      l869 10F8                      _top 002D  
                    wreg 000FE8                     _LATA 000F89                     _LATC 000F8B  
                   _LATD 000F8C                     _TMR1 000FCE                     _main 10F8  
                   fsr1l 000FE1                     btemp 0032                     start 0062  
           ___param_bank 000000          __end_of_Initial 1068                    ?_main 002F  
                  _CCPR1 000FBC                    _T1CON 000FCD                    i1l140 0052  
                  i1l143 10E4                    i1l135 0026                    i1l144 10F6  
                  i1l136 003C                    i1l147 1110                    i2l130 10D0  
                  i2l125 109E                    i2l126 10B0                    i1l861 10E6  
                  i1l917 0034                    i1l863 10EE                    i1l919 004A  
                  i1l865 10F4                    i1l857 10D4                    i1l859 10E2  
                  i1l867 110E                    i2l913 10BE                    _PORTD 000F83  
                  _TRISA 000F92                    _TRISC 000F94                    _TRISD 000F95  
                  _TRISE 000F96                    _count 0023                    _sendI 001D  
                  tablat 000FF5                    ttemp5 0033                    ttemp6 0036  
                  ttemp7 003A                    status 000FD8                    wtemp8 0033  
       __end_of_HiPriISR 10D4          __initialization 1068         __end_of_LoPriISR 0062  
           __end_of_main 1104                   ??_main 0032            __activetblptr 000003  
                 _RCSTA1 000FAB                   _SPBRG1 000FAF                   i1u1_20 10E2  
                 i1u1_21 10DE                   i1u7_20 0034                   i1u7_21 0030  
                 i1u8_20 004A                   i1u8_21 0046                   i2u4_40 10AC  
                 i2u4_41 10A8                   i2u5_40 10BE                   i2u5_41 10BA  
                 i2u6_40 10CC                   i2u6_41 10C8                   _TXREG1 000FAD  
                 _TXSTA1 000FAC             ?_TMR1Handler 002F                ??_Initial 0032  
           _CCPTMRS0bits 000F2D                   _buffer 000B                   clear_0 108E  
                 _rpgDir 0022                   isa$std 000001             __pdataCOMRAM 0025  
           __mediumconst 0000                   tblptrh 000FF7                   tblptrl 000FF6  
                 tblptru 000FF8               __accesstop 0060  __end_of__initialization 1094  
          ___rparam_used 000001           __pcstackCOMRAM 002F                ?_HiPriISR 002F  
              ?_LoPriISR 002F            ??_CCP1Handler 002F                  _CCP1CON 000FBB  
             ??_HiPriISR 002F               ??_LoPriISR 002F                  _Initial 1004  
                __Hparam 0000                  __Lparam 0000     __size_of_TMR1Handler 0004  
             _byteToSend 001E             __psmallconst 1000                  __pcinit 1068  
                __ramtop 1000                  __ptext0 10F8                  __ptext1 1004  
                __ptext3 110E                  __ptext4 10D4                _T1CONbits 000FCD  
                _maxSize 002E      __end_of_CCP1Handler 10F8               _inputDelay 1001  
                _rpgTemp 0020           __pintcode_body 109E     end_of_initialization 1094  
                int_func 109E                  postdec1 000FE5                  postinc0 000FEE  
            _CCP1Handler 10D4            __pidataCOMRAM 1104      start_initialization 1068  
      __size_of_HiPriISR 10CC        __size_of_LoPriISR 004A           _volumeControls 002A  
            __pbssCOMRAM 0001                 ?_Initial 002F                __pintcode 0008  
            __pintcodelo 0018              __smallconst 1000                 _BAUDCON1 000F65  
               _LATEbits 000F8D            ??_TMR1Handler 002F                 _IPR1bits 000F9F  
               _PIE1bits 000F9D                 _IPR3bits 000FA5                 _PIE3bits 000FA3  
           _keypressList 0001                 _PIR1bits 000F9E                 _PIR3bits 000FA4  
               _RCONbits 000FD0                _temporary 001F                 _HiPriISR 0008  
              copy_data0 107C                 _LoPriISR 0018                 __Hrparam 0000  
       __size_of_Initial 0064                 __Lrparam 0000      __end_of_TMR1Handler 1112  
           ?_CCP1Handler 002F              _buttonStack 0015                 _keyCodes 0025  
            _readyToSend 0024            __size_of_main 000C                 _oldPortD 0021  
               isa$xinst 000000       __end_of_inputDelay 1003                 int$flags 0032  
             _INTCONbits 000FF2                 intlevel1 0000                 intlevel2 0000  
            _TMR1Handler 110E               _RCSTA1bits 000FAB  
